<?xml version="1.0" encoding="UTF-8"?>
<!-- Generated by org.testng.reporters.JUnitXMLReporter -->
<testsuite ignored="0" hostname="Aditya" failures="0" tests="3" name="Default test" time="30.347" errors="0" timestamp="2023-03-30T06:58:09 EDT">
  <testcase classname="LoginTest.LoginPageTest" name="loginPageTitleTest" time="0.01"/>
  <testcase classname="LoginTest.LoginPageTest" name="crmlogoImageTest" time="0.042"/>
  <testcase classname="LoginTest.LoginPageTest" name="Login" time="9.27"/>
</testsuite> <!-- Default test -->
