<?xml version="1.0" encoding="UTF-8"?>
<testng-results ignored="0" total="3" passed="3" failed="0" skipped="0">
  <reporter-output>
  </reporter-output>
  <suite started-at="2023-03-30T06:57:39 EDT" name="Default suite" finished-at="2023-03-30T06:58:09 EDT" duration-ms="30347">
    <groups>
    </groups>
    <test started-at="2023-03-30T06:57:39 EDT" name="Default test" finished-at="2023-03-30T06:58:09 EDT" duration-ms="30347">
      <class name="LoginTest.LoginPageTest">
        <test-method is-config="true" signature="setup()[pri:0, instance:LoginTest.LoginPageTest@272113c4]" started-at="2023-03-30T06:57:39 EDT" name="setup" finished-at="2023-03-30T06:57:45 EDT" duration-ms="6373" status="PASS">
          <reporter-output>
          </reporter-output>
        </test-method> <!-- setup -->
        <test-method signature="loginPageTitleTest()[pri:1, instance:LoginTest.LoginPageTest@272113c4]" started-at="2023-03-30T06:57:45 EDT" name="loginPageTitleTest" finished-at="2023-03-30T06:57:45 EDT" duration-ms="10" status="PASS">
          <reporter-output>
          </reporter-output>
        </test-method> <!-- loginPageTitleTest -->
        <test-method is-config="true" signature="tearDown()[pri:0, instance:LoginTest.LoginPageTest@272113c4]" started-at="2023-03-30T06:57:45 EDT" name="tearDown" finished-at="2023-03-30T06:57:46 EDT" duration-ms="1453" status="PASS">
          <reporter-output>
          </reporter-output>
        </test-method> <!-- tearDown -->
        <test-method is-config="true" signature="setup()[pri:0, instance:LoginTest.LoginPageTest@272113c4]" started-at="2023-03-30T06:57:46 EDT" name="setup" finished-at="2023-03-30T06:57:52 EDT" duration-ms="5699" status="PASS">
          <reporter-output>
          </reporter-output>
        </test-method> <!-- setup -->
        <test-method signature="crmlogoImageTest()[pri:2, instance:LoginTest.LoginPageTest@272113c4]" started-at="2023-03-30T06:57:52 EDT" name="crmlogoImageTest" finished-at="2023-03-30T06:57:52 EDT" duration-ms="42" status="PASS">
          <reporter-output>
          </reporter-output>
        </test-method> <!-- crmlogoImageTest -->
        <test-method is-config="true" signature="tearDown()[pri:0, instance:LoginTest.LoginPageTest@272113c4]" started-at="2023-03-30T06:57:52 EDT" name="tearDown" finished-at="2023-03-30T06:57:53 EDT" duration-ms="663" status="PASS">
          <reporter-output>
          </reporter-output>
        </test-method> <!-- tearDown -->
        <test-method is-config="true" signature="setup()[pri:0, instance:LoginTest.LoginPageTest@272113c4]" started-at="2023-03-30T06:57:53 EDT" name="setup" finished-at="2023-03-30T06:57:58 EDT" duration-ms="5541" status="PASS">
          <reporter-output>
          </reporter-output>
        </test-method> <!-- setup -->
        <test-method signature="Login()[pri:3, instance:LoginTest.LoginPageTest@272113c4]" started-at="2023-03-30T06:57:58 EDT" name="Login" finished-at="2023-03-30T06:58:08 EDT" duration-ms="9270" status="PASS">
          <reporter-output>
          </reporter-output>
        </test-method> <!-- Login -->
        <test-method is-config="true" signature="tearDown()[pri:0, instance:LoginTest.LoginPageTest@272113c4]" started-at="2023-03-30T06:58:08 EDT" name="tearDown" finished-at="2023-03-30T06:58:09 EDT" duration-ms="1258" status="PASS">
          <reporter-output>
          </reporter-output>
        </test-method> <!-- tearDown -->
      </class> <!-- LoginTest.LoginPageTest -->
    </test> <!-- Default test -->
  </suite> <!-- Default suite -->
</testng-results>
